{"/home/ec2-user/u/src/constants/ads.ts": {"path":"/home/ec2-user/u/src/constants/ads.ts","statementMap":{"0":{"start":{"line":1,"column":0},"end":{"line":1,"column":40}},"1":{"start":{"line":7,"column":13},"end":{"line":18,"column":2}}},"fnMap":{},"branchMap":{},"s":{"0":0,"1":0},"f":{},"b":{}}
,"/home/ec2-user/u/src/constants/theme.ts": {"path":"/home/ec2-user/u/src/constants/theme.ts","statementMap":{"0":{"start":{"line":1,"column":13},"end":{"line":55,"column":2}}},"fnMap":{},"branchMap":{},"s":{"0":0},"f":{},"b":{}}
,"/home/ec2-user/u/src/data/spots.ts": {"path":"/home/ec2-user/u/src/data/spots.ts","statementMap":{"0":{"start":{"line":3,"column":13},"end":{"line":84,"column":2}}},"fnMap":{},"branchMap":{},"s":{"0":0},"f":{},"b":{}}
,"/home/ec2-user/u/src/hooks/useCompass.ts": {"path":"/home/ec2-user/u/src/hooks/useCompass.ts","statementMap":{"0":{"start":{"line":1,"column":0},"end":{"line":1,"column":44}},"1":{"start":{"line":2,"column":0},"end":{"line":2,"column":44}},"2":{"start":{"line":4,"column":14},"end":{"line":4,"column":18}},"3":{"start":{"line":9,"column":25},"end":{"line":13,"column":1}},"4":{"start":{"line":10,"column":14},"end":{"line":10,"column":48}},"5":{"start":{"line":12,"column":2},"end":{"line":12,"column":29}},"6":{"start":{"line":18,"column":27},"end":{"line":30,"column":1}},"7":{"start":{"line":24,"column":13},"end":{"line":24,"column":36}},"8":{"start":{"line":25,"column":2},"end":{"line":25,"column":30}},"9":{"start":{"line":25,"column":18},"end":{"line":25,"column":30}},"10":{"start":{"line":26,"column":2},"end":{"line":26,"column":31}},"11":{"start":{"line":26,"column":19},"end":{"line":26,"column":31}},"12":{"start":{"line":28,"column":19},"end":{"line":28,"column":46}},"13":{"start":{"line":29,"column":2},"end":{"line":29,"column":32}},"14":{"start":{"line":32,"column":26},"end":{"line":77,"column":1}},"15":{"start":{"line":33,"column":32},"end":{"line":33,"column":61}},"16":{"start":{"line":34,"column":28},"end":{"line":34,"column":57}},"17":{"start":{"line":36,"column":2},"end":{"line":74,"column":9}},"18":{"start":{"line":37,"column":54},"end":{"line":37,"column":58}},"19":{"start":{"line":38,"column":41},"end":{"line":38,"column":45}},"20":{"start":{"line":40,"column":25},"end":{"line":65,"column":5}},"21":{"start":{"line":41,"column":6},"end":{"line":64,"column":7}},"22":{"start":{"line":42,"column":28},"end":{"line":42,"column":65}},"23":{"start":{"line":43,"column":8},"end":{"line":46,"column":9}},"24":{"start":{"line":44,"column":10},"end":{"line":44,"column":64}},"25":{"start":{"line":45,"column":10},"end":{"line":45,"column":17}},"26":{"start":{"line":48,"column":8},"end":{"line":48,"column":44}},"27":{"start":{"line":50,"column":8},"end":{"line":61,"column":11}},"28":{"start":{"line":51,"column":29},"end":{"line":51,"column":61}},"29":{"start":{"line":53,"column":10},"end":{"line":57,"column":11}},"30":{"start":{"line":54,"column":12},"end":{"line":54,"column":41}},"31":{"start":{"line":56,"column":12},"end":{"line":56,"column":85}},"32":{"start":{"line":59,"column":10},"end":{"line":59,"column":38}},"33":{"start":{"line":60,"column":10},"end":{"line":60,"column":25}},"34":{"start":{"line":63,"column":8},"end":{"line":63,"column":71}},"35":{"start":{"line":67,"column":4},"end":{"line":67,"column":19}},"36":{"start":{"line":69,"column":4},"end":{"line":73,"column":6}},"37":{"start":{"line":70,"column":6},"end":{"line":72,"column":7}},"38":{"start":{"line":71,"column":8},"end":{"line":71,"column":30}},"39":{"start":{"line":76,"column":2},"end":{"line":76,"column":28}},"40":{"start":{"line":32,"column":13},"end":{"line":32,"column":26}}},"fnMap":{"0":{"name":"(anonymous_0)","decl":{"start":{"line":9,"column":25},"end":{"line":9,"column":26}},"loc":{"start":{"line":9,"column":58},"end":{"line":13,"column":1}}},"1":{"name":"(anonymous_1)","decl":{"start":{"line":18,"column":27},"end":{"line":18,"column":null}},"loc":{"start":{"line":22,"column":12},"end":{"line":30,"column":1}}},"2":{"name":"(anonymous_2)","decl":{"start":{"line":32,"column":26},"end":{"line":32,"column":29}},"loc":{"start":{"line":32,"column":31},"end":{"line":77,"column":1}}},"3":{"name":"(anonymous_3)","decl":{"start":{"line":36,"column":12},"end":{"line":36,"column":15}},"loc":{"start":{"line":36,"column":17},"end":{"line":74,"column":3}}},"4":{"name":"(anonymous_4)","decl":{"start":{"line":40,"column":25},"end":{"line":40,"column":30}},"loc":{"start":{"line":40,"column":36},"end":{"line":65,"column":5}}},"5":{"name":"(anonymous_5)","decl":{"start":{"line":50,"column":48},"end":{"line":50,"column":49}},"loc":{"start":{"line":50,"column":57},"end":{"line":61,"column":9}}},"6":{"name":"(anonymous_6)","decl":{"start":{"line":69,"column":11},"end":{"line":69,"column":14}},"loc":{"start":{"line":69,"column":16},"end":{"line":73,"column":5}}}},"branchMap":{"0":{"loc":{"start":{"line":25,"column":2},"end":{"line":25,"column":30}},"type":"if","locations":[{"start":{"line":25,"column":2},"end":{"line":25,"column":30}},{"start":{},"end":{}}]},"1":{"loc":{"start":{"line":26,"column":2},"end":{"line":26,"column":31}},"type":"if","locations":[{"start":{"line":26,"column":2},"end":{"line":26,"column":31}},{"start":{},"end":{}}]},"2":{"loc":{"start":{"line":43,"column":8},"end":{"line":46,"column":9}},"type":"if","locations":[{"start":{"line":43,"column":8},"end":{"line":46,"column":9}},{"start":{},"end":{}}]},"3":{"loc":{"start":{"line":53,"column":10},"end":{"line":57,"column":11}},"type":"if","locations":[{"start":{"line":53,"column":10},"end":{"line":57,"column":11}},{"start":{"line":55,"column":17},"end":{"line":57,"column":11}}]},"4":{"loc":{"start":{"line":63,"column":17},"end":{"line":63,"column":69}},"type":"cond-expr","locations":[{"start":{"line":63,"column":40},"end":{"line":63,"column":51}},{"start":{"line":63,"column":54},"end":{"line":63,"column":69}}]},"5":{"loc":{"start":{"line":70,"column":6},"end":{"line":72,"column":7}},"type":"if","locations":[{"start":{"line":70,"column":6},"end":{"line":72,"column":7}},{"start":{},"end":{}}]}},"s":{"0":0,"1":0,"2":0,"3":0,"4":0,"5":0,"6":0,"7":0,"8":0,"9":0,"10":0,"11":0,"12":0,"13":0,"14":0,"15":0,"16":0,"17":0,"18":0,"19":0,"20":0,"21":0,"22":0,"23":0,"24":0,"25":0,"26":0,"27":0,"28":0,"29":0,"30":0,"31":0,"32":0,"33":0,"34":0,"35":0,"36":0,"37":0,"38":0,"39":0,"40":0},"f":{"0":0,"1":0,"2":0,"3":0,"4":0,"5":0,"6":0},"b":{"0":[0,0],"1":[0,0],"2":[0,0],"3":[0,0],"4":[0,0],"5":[0,0]}}
,"/home/ec2-user/u/src/hooks/useLocation.ts": {"path":"/home/ec2-user/u/src/hooks/useLocation.ts","statementMap":{"0":{"start":{"line":1,"column":0},"end":{"line":1,"column":44}},"1":{"start":{"line":2,"column":0},"end":{"line":2,"column":42}},"2":{"start":{"line":5,"column":27},"end":{"line":56,"column":1}},"3":{"start":{"line":6,"column":34},"end":{"line":6,"column":68}},"4":{"start":{"line":7,"column":28},"end":{"line":7,"column":57}},"5":{"start":{"line":8,"column":50},"end":{"line":10,"column":9}},"6":{"start":{"line":12,"column":2},"end":{"line":53,"column":9}},"7":{"start":{"line":13,"column":61},"end":{"line":13,"column":65}},"8":{"start":{"line":15,"column":26},"end":{"line":44,"column":5}},"9":{"start":{"line":16,"column":6},"end":{"line":43,"column":7}},"10":{"start":{"line":18,"column":27},"end":{"line":18,"column":77}},"11":{"start":{"line":19,"column":8},"end":{"line":19,"column":36}},"12":{"start":{"line":21,"column":8},"end":{"line":24,"column":9}},"13":{"start":{"line":22,"column":10},"end":{"line":22,"column":49}},"14":{"start":{"line":23,"column":10},"end":{"line":23,"column":17}},"15":{"start":{"line":27,"column":8},"end":{"line":40,"column":10}},"16":{"start":{"line":34,"column":12},"end":{"line":37,"column":15}},"17":{"start":{"line":38,"column":12},"end":{"line":38,"column":27}},"18":{"start":{"line":42,"column":8},"end":{"line":42,"column":71}},"19":{"start":{"line":46,"column":4},"end":{"line":46,"column":20}},"20":{"start":{"line":48,"column":4},"end":{"line":52,"column":6}},"21":{"start":{"line":49,"column":6},"end":{"line":51,"column":7}},"22":{"start":{"line":50,"column":8},"end":{"line":50,"column":30}},"23":{"start":{"line":55,"column":2},"end":{"line":55,"column":47}},"24":{"start":{"line":5,"column":13},"end":{"line":5,"column":27}}},"fnMap":{"0":{"name":"(anonymous_9)","decl":{"start":{"line":5,"column":27},"end":{"line":5,"column":30}},"loc":{"start":{"line":5,"column":32},"end":{"line":56,"column":1}}},"1":{"name":"(anonymous_10)","decl":{"start":{"line":12,"column":12},"end":{"line":12,"column":15}},"loc":{"start":{"line":12,"column":17},"end":{"line":53,"column":3}}},"2":{"name":"(anonymous_11)","decl":{"start":{"line":15,"column":26},"end":{"line":15,"column":31}},"loc":{"start":{"line":15,"column":37},"end":{"line":44,"column":5}}},"3":{"name":"(anonymous_12)","decl":{"start":{"line":33,"column":10},"end":{"line":33,"column":11}},"loc":{"start":{"line":33,"column":26},"end":{"line":39,"column":11}}},"4":{"name":"(anonymous_13)","decl":{"start":{"line":48,"column":11},"end":{"line":48,"column":14}},"loc":{"start":{"line":48,"column":16},"end":{"line":52,"column":5}}}},"branchMap":{"0":{"loc":{"start":{"line":21,"column":8},"end":{"line":24,"column":9}},"type":"if","locations":[{"start":{"line":21,"column":8},"end":{"line":24,"column":9}},{"start":{},"end":{}}]},"1":{"loc":{"start":{"line":42,"column":17},"end":{"line":42,"column":69}},"type":"cond-expr","locations":[{"start":{"line":42,"column":40},"end":{"line":42,"column":51}},{"start":{"line":42,"column":54},"end":{"line":42,"column":69}}]},"2":{"loc":{"start":{"line":49,"column":6},"end":{"line":51,"column":7}},"type":"if","locations":[{"start":{"line":49,"column":6},"end":{"line":51,"column":7}},{"start":{},"end":{}}]}},"s":{"0":0,"1":0,"2":0,"3":0,"4":0,"5":0,"6":0,"7":0,"8":0,"9":0,"10":0,"11":0,"12":0,"13":0,"14":0,"15":0,"16":0,"17":0,"18":0,"19":0,"20":0,"21":0,"22":0,"23":0,"24":0},"f":{"0":0,"1":0,"2":0,"3":0,"4":0},"b":{"0":[0,0],"1":[0,0],"2":[0,0]}}
,"/home/ec2-user/u/src/hooks/useRadar.ts": {"path":"/home/ec2-user/u/src/hooks/useRadar.ts","statementMap":{"0":{"start":{"line":1,"column":0},"end":{"line":1,"column":52}},"1":{"start":{"line":4,"column":0},"end":{"line":4,"column":44}},"2":{"start":{"line":5,"column":0},"end":{"line":5,"column":42}},"3":{"start":{"line":6,"column":0},"end":{"line":6,"column":null}},"4":{"start":{"line":14,"column":24},"end":{"line":95,"column":1}},"5":{"start":{"line":18,"column":37},"end":{"line":18,"column":50}},"6":{"start":{"line":19,"column":22},"end":{"line":19,"column":34}},"7":{"start":{"line":20,"column":36},"end":{"line":26,"column":4}},"8":{"start":{"line":29,"column":28},"end":{"line":29,"column":63}},"9":{"start":{"line":30,"column":33},"end":{"line":30,"column":46}},"10":{"start":{"line":31,"column":23},"end":{"line":31,"column":40}},"11":{"start":{"line":34,"column":2},"end":{"line":36,"column":18}},"12":{"start":{"line":35,"column":4},"end":{"line":35,"column":37}},"13":{"start":{"line":38,"column":2},"end":{"line":83,"column":44}},"14":{"start":{"line":39,"column":4},"end":{"line":41,"column":5}},"15":{"start":{"line":40,"column":6},"end":{"line":40,"column":13}},"16":{"start":{"line":43,"column":21},"end":{"line":43,"column":66}},"17":{"start":{"line":44,"column":20},"end":{"line":44,"column":64}},"18":{"start":{"line":45,"column":26},"end":{"line":47,"column":9}},"19":{"start":{"line":48,"column":26},"end":{"line":48,"column":52}},"20":{"start":{"line":50,"column":4},"end":{"line":66,"column":7}},"21":{"start":{"line":52,"column":30},"end":{"line":52,"column":68}},"22":{"start":{"line":53,"column":27},"end":{"line":53,"column":75}},"23":{"start":{"line":54,"column":26},"end":{"line":54,"column":62}},"24":{"start":{"line":56,"column":6},"end":{"line":64,"column":7}},"25":{"start":{"line":57,"column":8},"end":{"line":63,"column":10}},"26":{"start":{"line":65,"column":6},"end":{"line":65,"column":18}},"27":{"start":{"line":69,"column":4},"end":{"line":82,"column":5}},"28":{"start":{"line":70,"column":6},"end":{"line":75,"column":7}},"29":{"start":{"line":71,"column":8},"end":{"line":74,"column":17}},"30":{"start":{"line":72,"column":10},"end":{"line":72,"column":48}},"31":{"start":{"line":73,"column":10},"end":{"line":73,"column":35}},"32":{"start":{"line":76,"column":11},"end":{"line":82,"column":5}},"33":{"start":{"line":78,"column":6},"end":{"line":81,"column":7}},"34":{"start":{"line":79,"column":8},"end":{"line":79,"column":48}},"35":{"start":{"line":80,"column":8},"end":{"line":80,"column":41}},"36":{"start":{"line":86,"column":2},"end":{"line":92,"column":9}},"37":{"start":{"line":87,"column":4},"end":{"line":91,"column":6}},"38":{"start":{"line":88,"column":6},"end":{"line":90,"column":7}},"39":{"start":{"line":89,"column":8},"end":{"line":89,"column":48}},"40":{"start":{"line":94,"column":2},"end":{"line":94,"column":19}},"41":{"start":{"line":14,"column":13},"end":{"line":14,"column":24}}},"fnMap":{"0":{"name":"(anonymous_0)","decl":{"start":{"line":14,"column":24},"end":{"line":14,"column":null}},"loc":{"start":{"line":17,"column":4},"end":{"line":95,"column":1}}},"1":{"name":"(anonymous_1)","decl":{"start":{"line":34,"column":12},"end":{"line":34,"column":15}},"loc":{"start":{"line":34,"column":17},"end":{"line":36,"column":3}}},"2":{"name":"(anonymous_2)","decl":{"start":{"line":38,"column":12},"end":{"line":38,"column":15}},"loc":{"start":{"line":38,"column":17},"end":{"line":83,"column":3}}},"3":{"name":"(anonymous_3)","decl":{"start":{"line":50,"column":17},"end":{"line":50,"column":18}},"loc":{"start":{"line":50,"column":26},"end":{"line":66,"column":5}}},"4":{"name":"(anonymous_4)","decl":{"start":{"line":71,"column":47},"end":{"line":71,"column":50}},"loc":{"start":{"line":71,"column":52},"end":{"line":74,"column":9}}},"5":{"name":"(anonymous_5)","decl":{"start":{"line":86,"column":12},"end":{"line":86,"column":15}},"loc":{"start":{"line":86,"column":17},"end":{"line":92,"column":3}}},"6":{"name":"(anonymous_6)","decl":{"start":{"line":87,"column":11},"end":{"line":87,"column":14}},"loc":{"start":{"line":87,"column":16},"end":{"line":91,"column":5}}}},"branchMap":{"0":{"loc":{"start":{"line":39,"column":4},"end":{"line":41,"column":5}},"type":"if","locations":[{"start":{"line":39,"column":4},"end":{"line":41,"column":5}},{"start":{},"end":{}}]},"1":{"loc":{"start":{"line":45,"column":26},"end":{"line":47,"column":9}},"type":"cond-expr","locations":[{"start":{"line":46,"column":8},"end":{"line":46,"column":48}},{"start":{"line":47,"column":8},"end":{"line":47,"column":9}}]},"2":{"loc":{"start":{"line":56,"column":6},"end":{"line":64,"column":7}},"type":"if","locations":[{"start":{"line":56,"column":6},"end":{"line":64,"column":7}},{"start":{},"end":{}}]},"3":{"loc":{"start":{"line":56,"column":10},"end":{"line":56,"column":78}},"type":"binary-expr","locations":[{"start":{"line":56,"column":10},"end":{"line":56,"column":25}},{"start":{"line":56,"column":29},"end":{"line":56,"column":41}},{"start":{"line":56,"column":45},"end":{"line":56,"column":56}},{"start":{"line":56,"column":60},"end":{"line":56,"column":78}}]},"4":{"loc":{"start":{"line":69,"column":4},"end":{"line":82,"column":5}},"type":"if","locations":[{"start":{"line":69,"column":4},"end":{"line":82,"column":5}},{"start":{"line":76,"column":11},"end":{"line":82,"column":5}}]},"5":{"loc":{"start":{"line":69,"column":8},"end":{"line":69,"column":71}},"type":"binary-expr","locations":[{"start":{"line":69,"column":8},"end":{"line":69,"column":36}},{"start":{"line":69,"column":40},"end":{"line":69,"column":71}}]},"6":{"loc":{"start":{"line":70,"column":6},"end":{"line":75,"column":7}},"type":"if","locations":[{"start":{"line":70,"column":6},"end":{"line":75,"column":7}},{"start":{},"end":{}}]},"7":{"loc":{"start":{"line":76,"column":11},"end":{"line":82,"column":5}},"type":"if","locations":[{"start":{"line":76,"column":11},"end":{"line":82,"column":5}},{"start":{},"end":{}}]},"8":{"loc":{"start":{"line":78,"column":6},"end":{"line":81,"column":7}},"type":"if","locations":[{"start":{"line":78,"column":6},"end":{"line":81,"column":7}},{"start":{},"end":{}}]},"9":{"loc":{"start":{"line":88,"column":6},"end":{"line":90,"column":7}},"type":"if","locations":[{"start":{"line":88,"column":6},"end":{"line":90,"column":7}},{"start":{},"end":{}}]}},"s":{"0":0,"1":0,"2":0,"3":0,"4":0,"5":0,"6":0,"7":0,"8":0,"9":0,"10":0,"11":0,"12":0,"13":0,"14":0,"15":0,"16":0,"17":0,"18":0,"19":0,"20":0,"21":0,"22":0,"23":0,"24":0,"25":0,"26":0,"27":0,"28":0,"29":0,"30":0,"31":0,"32":0,"33":0,"34":0,"35":0,"36":0,"37":0,"38":0,"39":0,"40":0,"41":0},"f":{"0":0,"1":0,"2":0,"3":0,"4":0,"5":0,"6":0},"b":{"0":[0,0],"1":[0,0],"2":[0,0],"3":[0,0,0,0],"4":[0,0],"5":[0,0],"6":[0,0],"7":[0,0],"8":[0,0],"9":[0,0]}}
,"/home/ec2-user/u/src/store/spotStore.ts": {"path":"/home/ec2-user/u/src/store/spotStore.ts","statementMap":{"0":{"start":{"line":1,"column":0},"end":{"line":1,"column":33}},"1":{"start":{"line":2,"column":0},"end":{"line":2,"column":64}},"2":{"start":{"line":3,"column":0},"end":{"line":3,"column":69}},"3":{"start":{"line":16,"column":13},"end":{"line":55,"column":2}},"4":{"start":{"line":18,"column":19},"end":{"line":49,"column":6}},"5":{"start":{"line":23,"column":8},"end":{"line":31,"column":12}},"6":{"start":{"line":23,"column":24},"end":{"line":31,"column":10}},"7":{"start":{"line":35,"column":8},"end":{"line":35,"column":42}},"8":{"start":{"line":39,"column":8},"end":{"line":39,"column":44}},"9":{"start":{"line":43,"column":8},"end":{"line":43,"column":54}},"10":{"start":{"line":47,"column":8},"end":{"line":47,"column":34}},"11":{"start":{"line":52,"column":39},"end":{"line":52,"column":51}}},"fnMap":{"0":{"name":"(anonymous_1)","decl":{"start":{"line":18,"column":4},"end":{"line":18,"column":5}},"loc":{"start":{"line":18,"column":19},"end":{"line":49,"column":6}}},"1":{"name":"(anonymous_2)","decl":{"start":{"line":22,"column":19},"end":{"line":22,"column":20}},"loc":{"start":{"line":22,"column":38},"end":{"line":32,"column":7}}},"2":{"name":"(anonymous_3)","decl":{"start":{"line":23,"column":12},"end":{"line":23,"column":13}},"loc":{"start":{"line":23,"column":24},"end":{"line":31,"column":10}}},"3":{"name":"(anonymous_4)","decl":{"start":{"line":34,"column":29},"end":{"line":34,"column":30}},"loc":{"start":{"line":34,"column":51},"end":{"line":36,"column":7}}},"4":{"name":"(anonymous_5)","decl":{"start":{"line":38,"column":17},"end":{"line":38,"column":18}},"loc":{"start":{"line":38,"column":36},"end":{"line":40,"column":7}}},"5":{"name":"(anonymous_6)","decl":{"start":{"line":42,"column":23},"end":{"line":42,"column":26}},"loc":{"start":{"line":42,"column":28},"end":{"line":44,"column":7}}},"6":{"name":"(anonymous_7)","decl":{"start":{"line":46,"column":23},"end":{"line":46,"column":26}},"loc":{"start":{"line":46,"column":28},"end":{"line":48,"column":7}}},"7":{"name":"(anonymous_8)","decl":{"start":{"line":52,"column":33},"end":{"line":52,"column":36}},"loc":{"start":{"line":52,"column":39},"end":{"line":52,"column":51}}}},"branchMap":{},"s":{"0":0,"1":0,"2":0,"3":0,"4":0,"5":0,"6":0,"7":0,"8":0,"9":0,"10":0,"11":0},"f":{"0":0,"1":0,"2":0,"3":0,"4":0,"5":0,"6":0,"7":0},"b":{}}
,"/home/ec2-user/u/src/utils/format.ts": {"path":"/home/ec2-user/u/src/utils/format.ts","statementMap":{"0":{"start":{"line":6,"column":30},"end":{"line":11,"column":1}},"1":{"start":{"line":7,"column":2},"end":{"line":9,"column":3}},"2":{"start":{"line":8,"column":4},"end":{"line":8,"column":36}},"3":{"start":{"line":10,"column":2},"end":{"line":10,"column":43}},"4":{"start":{"line":6,"column":13},"end":{"line":6,"column":30}},"5":{"start":{"line":19,"column":33},"end":{"line":28,"column":1}},"6":{"start":{"line":23,"column":17},"end":{"line":23,"column":42}},"7":{"start":{"line":24,"column":17},"end":{"line":24,"column":43}},"8":{"start":{"line":25,"column":2},"end":{"line":27,"column":18}},"9":{"start":{"line":19,"column":13},"end":{"line":19,"column":33}},"10":{"start":{"line":35,"column":29},"end":{"line":39,"column":1}},"11":{"start":{"line":36,"column":20},"end":{"line":36,"column":64}},"12":{"start":{"line":37,"column":16},"end":{"line":37,"column":44}},"13":{"start":{"line":38,"column":2},"end":{"line":38,"column":55}},"14":{"start":{"line":35,"column":13},"end":{"line":35,"column":29}}},"fnMap":{"0":{"name":"(anonymous_0)","decl":{"start":{"line":6,"column":30},"end":{"line":6,"column":31}},"loc":{"start":{"line":6,"column":57},"end":{"line":11,"column":1}}},"1":{"name":"(anonymous_1)","decl":{"start":{"line":19,"column":33},"end":{"line":19,"column":null}},"loc":{"start":{"line":22,"column":12},"end":{"line":28,"column":1}}},"2":{"name":"(anonymous_2)","decl":{"start":{"line":35,"column":29},"end":{"line":35,"column":30}},"loc":{"start":{"line":35,"column":57},"end":{"line":39,"column":1}}}},"branchMap":{"0":{"loc":{"start":{"line":7,"column":2},"end":{"line":9,"column":3}},"type":"if","locations":[{"start":{"line":7,"column":2},"end":{"line":9,"column":3}},{"start":{},"end":{}}]},"1":{"loc":{"start":{"line":23,"column":17},"end":{"line":23,"column":42}},"type":"cond-expr","locations":[{"start":{"line":23,"column":33},"end":{"line":23,"column":36}},{"start":{"line":23,"column":39},"end":{"line":23,"column":42}}]},"2":{"loc":{"start":{"line":24,"column":17},"end":{"line":24,"column":43}},"type":"cond-expr","locations":[{"start":{"line":24,"column":34},"end":{"line":24,"column":37}},{"start":{"line":24,"column":40},"end":{"line":24,"column":43}}]}},"s":{"0":0,"1":0,"2":0,"3":0,"4":0,"5":0,"6":0,"7":0,"8":0,"9":0,"10":0,"11":0,"12":0,"13":0,"14":0},"f":{"0":0,"1":0,"2":0},"b":{"0":[0,0],"1":[0,0],"2":[0,0]}}
,"/home/ec2-user/u/src/utils/geo.ts": {"path":"/home/ec2-user/u/src/utils/geo.ts","statementMap":{"0":{"start":{"line":7,"column":18},"end":{"line":9,"column":1}},"1":{"start":{"line":8,"column":2},"end":{"line":8,"column":35}},"2":{"start":{"line":14,"column":18},"end":{"line":16,"column":1}},"3":{"start":{"line":15,"column":2},"end":{"line":15,"column":35}},"4":{"start":{"line":22,"column":33},"end":{"line":42,"column":1}},"5":{"start":{"line":26,"column":12},"end":{"line":26,"column":19}},"6":{"start":{"line":27,"column":15},"end":{"line":27,"column":41}},"7":{"start":{"line":28,"column":15},"end":{"line":28,"column":41}},"8":{"start":{"line":29,"column":19},"end":{"line":29,"column":63}},"9":{"start":{"line":30,"column":19},"end":{"line":30,"column":65}},"10":{"start":{"line":33,"column":4},"end":{"line":37,"column":28}},"11":{"start":{"line":39,"column":12},"end":{"line":39,"column":58}},"12":{"start":{"line":41,"column":2},"end":{"line":41,"column":15}},"13":{"start":{"line":22,"column":13},"end":{"line":22,"column":33}},"14":{"start":{"line":48,"column":32},"end":{"line":65,"column":1}},"15":{"start":{"line":52,"column":15},"end":{"line":52,"column":39}},"16":{"start":{"line":53,"column":15},"end":{"line":53,"column":37}},"17":{"start":{"line":54,"column":19},"end":{"line":54,"column":59}},"18":{"start":{"line":56,"column":12},"end":{"line":56,"column":47}},"19":{"start":{"line":58,"column":4},"end":{"line":59,"column":56}},"20":{"start":{"line":61,"column":18},"end":{"line":61,"column":45}},"21":{"start":{"line":64,"column":2},"end":{"line":64,"column":31}},"22":{"start":{"line":48,"column":13},"end":{"line":48,"column":32}},"23":{"start":{"line":74,"column":38},"end":{"line":79,"column":1}},"24":{"start":{"line":78,"column":2},"end":{"line":78,"column":41}},"25":{"start":{"line":74,"column":13},"end":{"line":74,"column":38}},"26":{"start":{"line":84,"column":32},"end":{"line":89,"column":1}},"27":{"start":{"line":85,"column":2},"end":{"line":85,"column":45}},"28":{"start":{"line":85,"column":28},"end":{"line":85,"column":45}},"29":{"start":{"line":86,"column":2},"end":{"line":86,"column":42}},"30":{"start":{"line":86,"column":28},"end":{"line":86,"column":42}},"31":{"start":{"line":87,"column":2},"end":{"line":87,"column":44}},"32":{"start":{"line":87,"column":28},"end":{"line":87,"column":44}},"33":{"start":{"line":88,"column":2},"end":{"line":88,"column":15}},"34":{"start":{"line":84,"column":13},"end":{"line":84,"column":32}},"35":{"start":{"line":94,"column":13},"end":{"line":94,"column":37}}},"fnMap":{"0":{"name":"(anonymous_0)","decl":{"start":{"line":7,"column":18},"end":{"line":7,"column":19}},"loc":{"start":{"line":7,"column":46},"end":{"line":9,"column":1}}},"1":{"name":"(anonymous_1)","decl":{"start":{"line":14,"column":18},"end":{"line":14,"column":19}},"loc":{"start":{"line":14,"column":46},"end":{"line":16,"column":1}}},"2":{"name":"(anonymous_2)","decl":{"start":{"line":22,"column":33},"end":{"line":22,"column":null}},"loc":{"start":{"line":25,"column":12},"end":{"line":42,"column":1}}},"3":{"name":"(anonymous_3)","decl":{"start":{"line":48,"column":32},"end":{"line":48,"column":null}},"loc":{"start":{"line":51,"column":12},"end":{"line":65,"column":1}}},"4":{"name":"(anonymous_4)","decl":{"start":{"line":74,"column":38},"end":{"line":74,"column":null}},"loc":{"start":{"line":77,"column":12},"end":{"line":79,"column":1}}},"5":{"name":"(anonymous_5)","decl":{"start":{"line":84,"column":32},"end":{"line":84,"column":33}},"loc":{"start":{"line":84,"column":74},"end":{"line":89,"column":1}}}},"branchMap":{"0":{"loc":{"start":{"line":85,"column":2},"end":{"line":85,"column":45}},"type":"if","locations":[{"start":{"line":85,"column":2},"end":{"line":85,"column":45}},{"start":{},"end":{}}]},"1":{"loc":{"start":{"line":86,"column":2},"end":{"line":86,"column":42}},"type":"if","locations":[{"start":{"line":86,"column":2},"end":{"line":86,"column":42}},{"start":{},"end":{}}]},"2":{"loc":{"start":{"line":87,"column":2},"end":{"line":87,"column":44}},"type":"if","locations":[{"start":{"line":87,"column":2},"end":{"line":87,"column":44}},{"start":{},"end":{}}]}},"s":{"0":1,"1":7069,"2":1,"3":1007,"4":1,"5":1012,"6":1012,"7":1012,"8":1012,"9":1012,"10":1012,"11":1012,"12":1012,"13":1,"14":1,"15":1007,"16":1007,"17":1007,"18":1007,"19":1007,"20":1007,"21":1007,"22":1,"23":1,"24":1732,"25":1,"26":1,"27":21,"28":5,"29":16,"30":6,"31":10,"32":5,"33":5,"34":1,"35":1},"f":{"0":7069,"1":1007,"2":1012,"3":1007,"4":1732,"5":21},"b":{"0":[5,16],"1":[6,10],"2":[5,5]}}
,"/home/ec2-user/u/src/utils/radarPosition.ts": {"path":"/home/ec2-user/u/src/utils/radarPosition.ts","statementMap":{"0":{"start":{"line":10,"column":38},"end":{"line":35,"column":1}},"1":{"start":{"line":20,"column":2},"end":{"line":34,"column":3}},"2":{"start":{"line":22,"column":4},"end":{"line":22,"column":52}},"3":{"start":{"line":23,"column":9},"end":{"line":34,"column":3}},"4":{"start":{"line":25,"column":31},"end":{"line":25,"column":59}},"5":{"start":{"line":26,"column":4},"end":{"line":26,"column":56}},"6":{"start":{"line":27,"column":9},"end":{"line":34,"column":3}},"7":{"start":{"line":29,"column":31},"end":{"line":29,"column":60}},"8":{"start":{"line":30,"column":4},"end":{"line":30,"column":56}},"9":{"start":{"line":33,"column":4},"end":{"line":33,"column":21}},"10":{"start":{"line":10,"column":13},"end":{"line":10,"column":38}},"11":{"start":{"line":46,"column":32},"end":{"line":61,"column":1}},"12":{"start":{"line":52,"column":23},"end":{"line":52,"column":53}},"13":{"start":{"line":57,"column":12},"end":{"line":57,"column":52}},"14":{"start":{"line":58,"column":12},"end":{"line":58,"column":52}},"15":{"start":{"line":60,"column":2},"end":{"line":60,"column":18}},"16":{"start":{"line":46,"column":13},"end":{"line":46,"column":32}}},"fnMap":{"0":{"name":"(anonymous_0)","decl":{"start":{"line":10,"column":38},"end":{"line":10,"column":null}},"loc":{"start":{"line":13,"column":12},"end":{"line":35,"column":1}}},"1":{"name":"(anonymous_1)","decl":{"start":{"line":46,"column":32},"end":{"line":46,"column":null}},"loc":{"start":{"line":50,"column":30},"end":{"line":61,"column":1}}}},"branchMap":{"0":{"loc":{"start":{"line":20,"column":2},"end":{"line":34,"column":3}},"type":"if","locations":[{"start":{"line":20,"column":2},"end":{"line":34,"column":3}},{"start":{"line":23,"column":9},"end":{"line":34,"column":3}}]},"1":{"loc":{"start":{"line":23,"column":9},"end":{"line":34,"column":3}},"type":"if","locations":[{"start":{"line":23,"column":9},"end":{"line":34,"column":3}},{"start":{"line":27,"column":9},"end":{"line":34,"column":3}}]},"2":{"loc":{"start":{"line":27,"column":9},"end":{"line":34,"column":3}},"type":"if","locations":[{"start":{"line":27,"column":9},"end":{"line":34,"column":3}},{"start":{"line":31,"column":9},"end":{"line":34,"column":3}}]}},"s":{"0":1,"1":19,"2":10,"3":9,"4":3,"5":3,"6":6,"7":3,"8":3,"9":3,"10":1,"11":1,"12":13,"13":13,"14":13,"15":13,"16":1},"f":{"0":19,"1":13},"b":{"0":[10,9],"1":[3,6],"2":[3,3]}}
}
